\BOOKMARK [0][-]{Doc-Start}{\376\377\166\356\000\040\137\125}{}% 1
\BOOKMARK [0][-]{chapter.1}{\376\377\230\171\166\356\151\202\217\360}{}% 2
\BOOKMARK [1][-]{section.1.1}{\376\377\230\171\166\356\200\314\146\157}{chapter.1}% 3
\BOOKMARK [1][-]{section.1.2}{\376\377\136\002\127\072\147\072\220\107\116\016\123\321\134\125\122\115\146\157}{chapter.1}% 4
\BOOKMARK [1][-]{section.1.3}{\376\377\230\171\166\356\165\333\160\271}{chapter.1}% 5
\BOOKMARK [1][-]{section.1.4}{\376\377\116\247\124\301\142\200\147\057\211\343\121\263\145\271\150\110\116\016\172\336\116\211\117\030\122\277}{chapter.1}% 6
\BOOKMARK [1][-]{section.1.5}{\376\377\230\171\166\356\204\045\145\066\116\016\171\076\117\032\137\161\124\315}{chapter.1}% 7
\BOOKMARK [1][-]{section.1.6}{\376\377\230\171\166\356\150\070\137\303\126\342\226\037}{chapter.1}% 8
\BOOKMARK [1][-]{section.1.7}{\376\377\230\171\166\356\200\241\147\103\116\016\207\215\215\104}{chapter.1}% 9
\BOOKMARK [0][-]{chapter.2}{\376\377\210\114\116\032\200\314\146\157\124\214\136\002\127\072\122\006\147\220}{}% 10
\BOOKMARK [1][-]{section.2.1}{\376\377\213\345\210\114\116\032\123\321\134\125\172\013\136\246\116\016\163\260\162\266\122\250\140\001}{chapter.2}% 11
\BOOKMARK [1][-]{section.2.2}{\376\377\210\114\116\032\140\073\225\000\125\056\230\235\116\016\123\321\134\125\215\213\122\277}{chapter.2}% 12
\BOOKMARK [1][-]{section.2.3}{\376\377\176\317\155\116\116\016\145\077\136\234\133\371\213\345\210\114\116\032\166\204\137\161\124\315}{chapter.2}% 13
\BOOKMARK [1][-]{section.2.4}{\376\377\136\002\127\072\176\306\122\006}{chapter.2}% 14
\BOOKMARK [1][-]{section.2.5}{\376\377\166\356\150\007\136\002\127\072}{chapter.2}% 15
\BOOKMARK [1][-]{section.2.6}{\376\377\136\002\127\072\133\232\117\115}{chapter.2}% 16
\BOOKMARK [0][-]{chapter.3}{\376\377\116\247\124\301\116\016\147\015\122\241}{}% 17
\BOOKMARK [1][-]{section.3.1}{\376\377\142\200\147\057\151\202\121\265\116\313\176\315}{chapter.3}% 18
\BOOKMARK [1][-]{section.3.2}{\376\377\213\345\230\206\127\337\133\130\127\050\166\204\226\276\160\271\116\016\165\333\160\271}{chapter.3}% 19
\BOOKMARK [1][-]{section.3.3}{\376\377\116\247\124\301\142\026\147\015\122\241\121\205\133\271}{chapter.3}% 20
\BOOKMARK [1][-]{section.3.4}{\376\377\172\336\124\301\122\006\147\220}{chapter.3}% 21
\BOOKMARK [1][-]{section.3.5}{\376\377\136\224\165\050\150\110\117\213}{chapter.3}% 22
\BOOKMARK [0][-]{chapter.4}{\376\377\217\320\204\045\152\041\137\017}{}% 23
\BOOKMARK [1][-]{section.4.1}{\376\377\165\037\116\247\176\317\204\045}{chapter.4}% 24
\BOOKMARK [1][-]{section.4.2}{\376\377\204\045\225\000\143\250\136\177}{chapter.4}% 25
\BOOKMARK [0][-]{chapter.5}{\376\377\122\033\116\032\126\342\226\037}{}% 26
\BOOKMARK [1][-]{section.5.1}{\376\377\122\033\116\032\126\342\226\037}{chapter.5}% 27
\BOOKMARK [1][-]{section.5.2}{\376\377\122\033\116\032\133\374\136\010\126\342\226\037}{chapter.5}% 28
\BOOKMARK [0][-]{chapter.6}{\376\377\215\042\122\241\230\204\155\113\116\016\207\215\215\104\213\241\122\022}{}% 29
\BOOKMARK [1][-]{section.6.1}{\376\377\215\042\122\241\122\006\147\220}{chapter.6}% 30
\BOOKMARK [1][-]{section.6.2}{\376\377\133\214\142\020\170\024\123\321\142\100\227\000\142\225\121\145\116\016\166\310\116\217\136\163\210\141}{chapter.6}% 31
\BOOKMARK [0][-]{chapter.7}{\376\377\230\316\226\151\122\006\147\220}{}% 32
\BOOKMARK [0][-]{chapter.8}{\376\377\123\321\134\125\211\304\122\022\116\016\147\052\147\145\141\077\146\157}{}% 33
\BOOKMARK [0][-]{chapter.9}{\376\377\226\104\116\366}{}% 34
\BOOKMARK [1][-]{section.9.1}{\376\377\116\146\227\142\143\210\147\103\213\270\123\357\116\146\116\016\116\023\122\051\213\301\116\146}{chapter.9}% 35
\BOOKMARK [1][-]{section.9.2}{\376\377\215\042\122\241\145\160\143\156\116\016\135\362\203\267\142\225\215\104\140\305\121\265}{chapter.9}% 36
\BOOKMARK [1][-]{section.9.3}{\376\377\145\077\136\234\147\072\147\204\124\010\117\134\123\117\213\256}{chapter.9}% 37
\BOOKMARK [1][-]{section.9.4}{\376\377\135\345\125\106\166\173\213\260\154\350\121\214\166\370\121\163\147\120\145\231}{chapter.9}% 38
